number of word types: 1494, number of word types w/ frequency >= 1: 1494
/home/soar/anaconda3/envs/soar/lib/python3.8/site-packages/fuzzywuzzy/fuzz.py:11: UserWarning: Using slow pure-python SequenceMatcher. Install python-Levenshtein to remove this warning
  warnings.warn('Using slow pure-python SequenceMatcher. Install python-Levenshtein to remove this warning')
[info] [2021-01-20 20:42:30.345568] Success!
[info] [2021-01-20 20:42:30.346020] Avg Rank 2.272727272727273
[info] [2021-01-20 20:42:30.354829] Synthesis time: 30.61093759536743
[info] [2021-01-20 20:42:30.355020] self.before_0 = lambda x: x.long()
[info] [2021-01-20 20:42:30.355020] self.var108 = torch.nn.Embedding(50,10)
[info] [2021-01-20 20:42:30.355020] self.var557 = torch.nn.Conv1d(10,64,3,stride=1,padding=0)
[info] [2021-01-20 20:42:30.355020] self.var558 = torch.nn.ReLU()
[info] [2021-01-20 20:42:30.355020] self.var1535 = torch.nn.Conv1d(64,64,3,stride=1,padding=0)
[info] [2021-01-20 20:42:30.355020] self.var1536 = torch.nn.ReLU()
[info] [2021-01-20 20:42:30.355020] self.var1548 = torch.nn.MaxPool1d(1,stride=2,padding=0)
[info] [2021-01-20 20:42:30.355020] self.var1551 = lambda x: torch.flatten(x,1)
[info] [2021-01-20 20:42:30.355020] self.var8386 = torch.nn.Linear(192,100)
[info] [2021-01-20 20:42:30.355020] self.var8387 = torch.nn.ReLU()
[info] [2021-01-20 20:42:30.355020] self.var11671 = torch.nn.Linear(100,10)
[info] [2021-01-20 20:42:30.355020] self.var11672 = torch.nn.Softmax(dim=1)
number of word types: 1494, number of word types w/ frequency >= 1: 1494
/home/soar/anaconda3/envs/soar/lib/python3.8/site-packages/fuzzywuzzy/fuzz.py:11: UserWarning: Using slow pure-python SequenceMatcher. Install python-Levenshtein to remove this warning
  warnings.warn('Using slow pure-python SequenceMatcher. Install python-Levenshtein to remove this warning')
[info] [2021-01-20 20:42:36.587343] Avg Rank 2.272727272727273
