number of word types: 1494, number of word types w/ frequency >= 1: 1494
/home/soar/anaconda3/envs/soar/lib/python3.8/site-packages/fuzzywuzzy/fuzz.py:11: UserWarning: Using slow pure-python SequenceMatcher. Install python-Levenshtein to remove this warning
  warnings.warn('Using slow pure-python SequenceMatcher. Install python-Levenshtein to remove this warning')
[info] [2021-01-20 14:32:58.675591] Success!
[info] [2021-01-20 14:32:58.676198] Avg Rank 1.9333333333333333
[info] [2021-01-20 14:32:58.692413] Synthesis time: 448.0187792778015
[info] [2021-01-20 14:32:58.692687] self.before_0 = lambda x: x.permute(0,3,1,2)
[info] [2021-01-20 14:32:58.692687] self.var536 = torch.nn.Conv2d(32,32,(3,3),stride=(2,2),padding=(0,0))
[info] [2021-01-20 14:32:58.692687] self.var537 = torch.nn.ReLU()
[info] [2021-01-20 14:32:58.692687] self.before_3 = lambda x: x.permute(0,1,3,2)
[info] [2021-01-20 14:32:58.692687] self.var994 = torch.nn.Conv2d(32,64,(3,3),stride=(1,1),padding=(0,0))
[info] [2021-01-20 14:32:58.692687] self.var995 = torch.nn.ReLU()
[info] [2021-01-20 14:32:58.692687] self.var996 = lambda x: torch.flatten(x,1)
[info] [2021-01-20 14:32:58.692687] self.var1204 = torch.nn.Linear(64,10)
[info] [2021-01-20 14:32:58.692687] self.var1290 = torch.nn.Linear(10,1568)
[info] [2021-01-20 14:32:58.692687] self.var1291 = torch.nn.ReLU()
[info] [2021-01-20 14:32:58.692687] self.before_10 = lambda x: x.view(10,32,7,7)
[info] [2021-01-20 14:32:58.692687] self.var1317 = lambda x: torch.Tensor(x)
[info] [2021-01-20 14:32:58.692687] self.before_12 = lambda x: x.permute(0,1,3,2)
[info] [2021-01-20 14:32:58.692687] self.var6611 = torch.nn.ConvTranspose2d(32,64,(3,3),stride=(2,2),padding=(0,0))
[info] [2021-01-20 14:32:58.692687] self.var6612 = torch.nn.ReLU()
[info] [2021-01-20 14:32:58.692687] self.before_15 = lambda x: x.permute(0,1,3,2)
[info] [2021-01-20 14:32:58.692687] self.var9918 = torch.nn.ConvTranspose2d(64,32,(3,3),stride=(2,2),padding=(0,0))
[info] [2021-01-20 14:32:58.692687] self.var9919 = torch.nn.ReLU()
[info] [2021-01-20 14:32:58.692687] self.before_18 = lambda x: x.permute(0,1,2,3)
[info] [2021-01-20 14:32:58.692687] self.var11702 = torch.nn.ConvTranspose2d(32,1,(3,3),stride=(1,1),padding=(0,0))
[info] [2021-01-20 14:32:58.692687] self.var11703 = torch.nn.ReLU()
number of word types: 1494, number of word types w/ frequency >= 1: 1494
/home/soar/anaconda3/envs/soar/lib/python3.8/site-packages/fuzzywuzzy/fuzz.py:11: UserWarning: Using slow pure-python SequenceMatcher. Install python-Levenshtein to remove this warning
  warnings.warn('Using slow pure-python SequenceMatcher. Install python-Levenshtein to remove this warning')
[info] [2021-01-20 14:33:05.732605] Avg Rank 1.9333333333333333
