number of word types: 1494, number of word types w/ frequency >= 1: 1494
/home/soar/anaconda3/envs/soar/lib/python3.8/site-packages/fuzzywuzzy/fuzz.py:11: UserWarning: Using slow pure-python SequenceMatcher. Install python-Levenshtein to remove this warning
  warnings.warn('Using slow pure-python SequenceMatcher. Install python-Levenshtein to remove this warning')
[info] [2021-01-20 14:52:37.345025] Success!
[info] [2021-01-20 14:52:37.345575] Avg Rank 1.75
[info] [2021-01-20 14:52:37.370212] Synthesis time: 57.84868383407593
[info] [2021-01-20 14:52:37.370502] self.before_0 = lambda x: x.permute(0,3,1,2)
[info] [2021-01-20 14:52:37.370502] self.var94 = torch.nn.Conv2d(3,64,(3,3),stride=(1,1),padding=(1,1))
[info] [2021-01-20 14:52:37.370502] self.var95 = torch.nn.ReLU()
[info] [2021-01-20 14:52:37.370502] self.var98 = torch.nn.MaxPool2d((2,2),stride=(2,2),padding=(0,0))
[info] [2021-01-20 14:52:37.370502] self.before_4 = lambda x: x.permute(0,1,2,3)
[info] [2021-01-20 14:52:37.370502] self.var254 = torch.nn.Conv2d(64,128,(3,3),stride=(1,1),padding=(1,1))
[info] [2021-01-20 14:52:37.370502] self.var255 = torch.nn.ReLU()
[info] [2021-01-20 14:52:37.370502] self.var258 = torch.nn.MaxPool2d((2,2),stride=(2,2),padding=(0,0))
[info] [2021-01-20 14:52:37.370502] self.before_8 = lambda x: x.permute(0,1,2,3)
[info] [2021-01-20 14:52:37.370502] self.var480 = torch.nn.Conv2d(128,256,(3,3),stride=(1,1),padding=(1,1))
[info] [2021-01-20 14:52:37.370502] self.var481 = torch.nn.ReLU()
[info] [2021-01-20 14:52:37.370502] self.before_11 = lambda x: x.permute(0,1,2,3)
[info] [2021-01-20 14:52:37.370502] self.var682 = torch.nn.Conv2d(256,256,(3,3),stride=(1,1),padding=(1,1))
[info] [2021-01-20 14:52:37.370502] self.var683 = torch.nn.ReLU()
[info] [2021-01-20 14:52:37.370502] self.var687 = torch.nn.MaxPool2d((2,2),stride=(2,2),padding=(0,0))
[info] [2021-01-20 14:52:37.370502] self.before_15 = lambda x: x.permute(0,1,3,2)
[info] [2021-01-20 14:52:37.370502] self.var749 = torch.nn.Conv2d(256,512,(3,3),stride=(1,1),padding=(1,1))
[info] [2021-01-20 14:52:37.370502] self.var750 = torch.nn.ReLU()
[info] [2021-01-20 14:52:37.370502] self.before_18 = lambda x: x.permute(0,1,3,2)
[info] [2021-01-20 14:52:37.370502] self.var801 = torch.nn.Conv2d(512,512,(3,3),stride=(1,1),padding=(1,1))
[info] [2021-01-20 14:52:37.370502] self.var802 = torch.nn.ReLU()
[info] [2021-01-20 14:52:37.370502] self.var805 = torch.nn.MaxPool2d((2,2),stride=(2,2),padding=(0,0))
[info] [2021-01-20 14:52:37.370502] self.before_22 = lambda x: x.permute(0,1,2,3)
[info] [2021-01-20 14:52:37.370502] self.var855 = torch.nn.Conv2d(512,512,(3,3),stride=(1,1),padding=(1,1))
[info] [2021-01-20 14:52:37.370502] self.var856 = torch.nn.ReLU()
[info] [2021-01-20 14:52:37.370502] self.before_25 = lambda x: x.permute(0,1,3,2)
[info] [2021-01-20 14:52:37.370502] self.var963 = torch.nn.Conv2d(512,512,(3,3),stride=(1,1),padding=(1,1))
[info] [2021-01-20 14:52:37.370502] self.var964 = torch.nn.ReLU()
[info] [2021-01-20 14:52:37.370502] self.var972 = torch.nn.MaxPool2d((2,2),stride=(2,2),padding=(0,0))
[info] [2021-01-20 14:52:37.370502] self.before_29 = lambda x: x.permute(0,2,3,1)
[info] [2021-01-20 14:52:37.370502] self.var993 = lambda x: torch.flatten(x,1)
[info] [2021-01-20 14:52:37.370502] self.var2468 = torch.nn.Linear(25088,4096)
[info] [2021-01-20 14:52:37.370502] self.var2469 = torch.nn.ReLU()
[info] [2021-01-20 14:52:37.370502] self.var2920 = torch.nn.Linear(4096,4096)
[info] [2021-01-20 14:52:37.370502] self.var2921 = torch.nn.ReLU()
[info] [2021-01-20 14:52:37.370502] self.var3372 = torch.nn.Linear(4096,1000)
[info] [2021-01-20 14:52:37.370502] self.var3373 = torch.nn.Softmax(dim=1)
number of word types: 1494, number of word types w/ frequency >= 1: 1494
/home/soar/anaconda3/envs/soar/lib/python3.8/site-packages/fuzzywuzzy/fuzz.py:11: UserWarning: Using slow pure-python SequenceMatcher. Install python-Levenshtein to remove this warning
  warnings.warn('Using slow pure-python SequenceMatcher. Install python-Levenshtein to remove this warning')
[info] [2021-01-20 14:52:47.071918] Avg Rank 1.75
