number of word types: 1494, number of word types w/ frequency >= 1: 1494
/home/soar/anaconda3/envs/soar/lib/python3.8/site-packages/fuzzywuzzy/fuzz.py:11: UserWarning: Using slow pure-python SequenceMatcher. Install python-Levenshtein to remove this warning
  warnings.warn('Using slow pure-python SequenceMatcher. Install python-Levenshtein to remove this warning')
[info] [2021-01-20 21:02:28.750506] Success!
[info] [2021-01-20 21:02:28.750933] Avg Rank 1.5526315789473684
[info] [2021-01-20 21:02:28.760935] Synthesis time: 547.2183332443237
[info] [2021-01-20 21:02:28.761080] self.before_0 = lambda x: x.permute(0,3,1,2)
[info] [2021-01-20 21:02:28.761080] self.var1397 = torch.nn.Conv2d(3,64,(3,3),stride=(1,1),padding=(1,1))
[info] [2021-01-20 21:02:28.761080] self.var1398 = torch.nn.ReLU()
[info] [2021-01-20 21:02:28.761080] self.var1531 = torch.nn.Conv2d(64,64,(3,3),stride=(1,1),padding=(1,1))
[info] [2021-01-20 21:02:28.761080] self.var1532 = torch.nn.ReLU()
[info] [2021-01-20 21:02:28.761080] self.var1537 = torch.nn.MaxPool2d((2,2),stride=(2,2),padding=(0,0))
[info] [2021-01-20 21:02:28.761080] self.var1724 = torch.nn.Conv2d(64,128,(3,3),stride=(1,1),padding=(1,1))
[info] [2021-01-20 21:02:28.761080] self.var1725 = torch.nn.ReLU()
[info] [2021-01-20 21:02:28.761080] self.var1924 = torch.nn.Conv2d(128,128,(3,3),stride=(1,1),padding=(1,1))
[info] [2021-01-20 21:02:28.761080] self.var1925 = torch.nn.ReLU()
[info] [2021-01-20 21:02:28.761080] self.var1930 = torch.nn.MaxPool2d((2,2),stride=(2,2),padding=(0,0))
[info] [2021-01-20 21:02:28.761080] self.var2165 = torch.nn.Conv2d(128,256,(3,3),stride=(1,1),padding=(1,1))
[info] [2021-01-20 21:02:28.761080] self.var2166 = torch.nn.ReLU()
[info] [2021-01-20 21:02:28.761080] self.var2195 = torch.nn.Conv2d(256,256,(3,3),stride=(1,1),padding=(1,1))
[info] [2021-01-20 21:02:28.761080] self.var2196 = torch.nn.ReLU()
[info] [2021-01-20 21:02:28.761080] self.var2247 = torch.nn.Conv2d(256,256,(3,3),stride=(1,1),padding=(1,1))
[info] [2021-01-20 21:02:28.761080] self.var2248 = torch.nn.ReLU()
[info] [2021-01-20 21:02:28.761080] self.var2251 = torch.nn.MaxPool2d((2,2),stride=(2,2),padding=(0,0))
[info] [2021-01-20 21:02:28.761080] self.var2300 = torch.nn.Conv2d(256,512,(3,3),stride=(1,1),padding=(1,1))
[info] [2021-01-20 21:02:28.761080] self.var2301 = torch.nn.ReLU()
[info] [2021-01-20 21:02:28.761080] self.var2307 = torch.nn.Conv2d(512,512,(3,3),stride=(1,1),padding=(1,1))
[info] [2021-01-20 21:02:28.761080] self.var2308 = torch.nn.ReLU()
[info] [2021-01-20 21:02:28.761080] self.var2505 = torch.nn.Conv2d(512,512,(3,3),stride=(1,1),padding=(1,1))
[info] [2021-01-20 21:02:28.761080] self.var2506 = torch.nn.ReLU()
[info] [2021-01-20 21:02:28.761080] self.var2508 = torch.nn.MaxPool2d((2,2),stride=(2,2),padding=(0,0))
[info] [2021-01-20 21:02:28.761080] self.var2653 = torch.nn.Conv2d(512,512,(3,3),stride=(1,1),padding=(1,1))
[info] [2021-01-20 21:02:28.761080] self.var2654 = torch.nn.ReLU()
[info] [2021-01-20 21:02:28.761080] self.var2778 = torch.nn.Conv2d(512,512,(3,3),stride=(1,1),padding=(1,1))
[info] [2021-01-20 21:02:28.761080] self.var2779 = torch.nn.ReLU()
[info] [2021-01-20 21:02:28.761080] self.var2934 = torch.nn.Conv2d(512,512,(3,3),stride=(1,1),padding=(1,1))
[info] [2021-01-20 21:02:28.761080] self.var2935 = torch.nn.ReLU()
[info] [2021-01-20 21:02:28.761080] self.var2947 = torch.nn.MaxPool2d((2,2),stride=(2,2),padding=(0,0))
[info] [2021-01-20 21:02:28.761080] self.before_32 = lambda x: x.permute(0,3,2,1)
[info] [2021-01-20 21:02:28.761080] self.var2985 = lambda x: torch.flatten(x,1)
[info] [2021-01-20 21:02:28.761080] self.var24826 = torch.nn.Linear(25088,4096)
[info] [2021-01-20 21:02:28.761080] self.var24827 = torch.nn.ReLU()
[info] [2021-01-20 21:02:28.761080] self.var31308 = torch.nn.Linear(4096,4096)
[info] [2021-01-20 21:02:28.761080] self.var31309 = torch.nn.ReLU()
[info] [2021-01-20 21:02:28.761080] self.var37790 = torch.nn.Linear(4096,1000)
[info] [2021-01-20 21:02:28.761080] self.var37791 = torch.nn.Softmax(dim=1)
number of word types: 1494, number of word types w/ frequency >= 1: 1494
/home/soar/anaconda3/envs/soar/lib/python3.8/site-packages/fuzzywuzzy/fuzz.py:11: UserWarning: Using slow pure-python SequenceMatcher. Install python-Levenshtein to remove this warning
  warnings.warn('Using slow pure-python SequenceMatcher. Install python-Levenshtein to remove this warning')
[info] [2021-01-20 21:02:38.958179] Avg Rank 1.5526315789473684
