/home/soar/anaconda3/envs/soar/lib/python3.8/site-packages/fuzzywuzzy/fuzz.py:11: UserWarning: Using slow pure-python SequenceMatcher. Install python-Levenshtein to remove this warning
  warnings.warn('Using slow pure-python SequenceMatcher. Install python-Levenshtein to remove this warning')
[info] [2021-01-21 00:11:11.228643] Loading Glove Model
number of word types: 400000, number of word types w/ frequency >= 1: 400000
number of word types: 1681, number of word types w/ frequency >= 1: 1681
[info] [2021-01-21 00:13:06.147945] Success!
[info] [2021-01-21 00:13:06.148460] Avg Rank 2.05
[info] [2021-01-21 00:13:06.198068] Synthesis time: 74.14849305152893
[info] [2021-01-21 00:13:06.198198] self.before_0 = lambda x: x.permute(0,3,1,2)
[info] [2021-01-21 00:13:06.198198] self.var58 = torch.nn.Conv2d(3,96,(11,11),stride=(4,4),padding=(0,0))
[info] [2021-01-21 00:13:06.198198] self.var59 = torch.nn.ReLU()
[info] [2021-01-21 00:13:06.198198] self.var65 = torch.nn.MaxPool2d((2,2),stride=(2,2),padding=(0,0))
[info] [2021-01-21 00:13:06.198198] self.before_4 = lambda x: x.permute(0,1,2,3)
[info] [2021-01-21 00:13:06.198198] self.var1223 = torch.nn.Conv2d(96,256,(11,11),stride=(1,1),padding=(0,0))
[info] [2021-01-21 00:13:06.198198] self.var1224 = torch.nn.ReLU()
[info] [2021-01-21 00:13:06.198198] self.var1227 = torch.nn.MaxPool2d((2,2),stride=(2,2),padding=(0,0))
[info] [2021-01-21 00:13:06.198198] self.var1331 = torch.nn.Conv2d(256,384,(3,3),stride=(1,1),padding=(0,0))
[info] [2021-01-21 00:13:06.198198] self.var1332 = torch.nn.ReLU()
[info] [2021-01-21 00:13:06.198198] self.before_10 = lambda x: x.permute(0,1,2,3)
[info] [2021-01-21 00:13:06.198198] self.var1769 = torch.nn.Conv2d(384,384,(3,3),stride=(1,1),padding=(0,0))
[info] [2021-01-21 00:13:06.198198] self.var1770 = torch.nn.ReLU()
[info] [2021-01-21 00:13:06.198198] self.before_13 = lambda x: x.permute(0,1,2,3)
[info] [2021-01-21 00:13:06.198198] self.var2386 = torch.nn.Conv2d(384,256,(3,3),stride=(1,1),padding=(0,0))
[info] [2021-01-21 00:13:06.198198] self.var2387 = torch.nn.ReLU()
[info] [2021-01-21 00:13:06.198198] self.var2400 = torch.nn.MaxPool2d((2,2),stride=(1,1),padding=(0,0))
[info] [2021-01-21 00:13:06.198198] self.var2402 = lambda x: torch.flatten(x,1)
[info] [2021-01-21 00:13:06.198198] self.var2755 = torch.nn.Linear(256,4096)
[info] [2021-01-21 00:13:06.198198] self.var2756 = torch.nn.ReLU()
[info] [2021-01-21 00:13:06.198198] self.var3409 = torch.nn.Linear(4096,1000)
[info] [2021-01-21 00:13:06.198198] self.var3410 = torch.nn.ReLU()
[info] [2021-01-21 00:13:06.198198] self.var4135 = torch.nn.Linear(1000,17)
[info] [2021-01-21 00:13:06.198198] self.var4138 = torch.nn.Softmax(dim=1)
/home/soar/anaconda3/envs/soar/lib/python3.8/site-packages/fuzzywuzzy/fuzz.py:11: UserWarning: Using slow pure-python SequenceMatcher. Install python-Levenshtein to remove this warning
  warnings.warn('Using slow pure-python SequenceMatcher. Install python-Levenshtein to remove this warning')
[info] [2021-01-21 00:13:10.942387] Loading Glove Model
number of word types: 400000, number of word types w/ frequency >= 1: 400000
number of word types: 1681, number of word types w/ frequency >= 1: 1681
[info] [2021-01-21 00:13:54.552666] Avg Rank 2.05
