/home/soar/anaconda3/envs/soar/lib/python3.8/site-packages/fuzzywuzzy/fuzz.py:11: UserWarning: Using slow pure-python SequenceMatcher. Install python-Levenshtein to remove this warning
  warnings.warn('Using slow pure-python SequenceMatcher. Install python-Levenshtein to remove this warning')
[info] [2021-01-20 23:50:13.507738] Loading Glove Model
number of word types: 400000, number of word types w/ frequency >= 1: 400000
number of word types: 1681, number of word types w/ frequency >= 1: 1681
[info] [2021-01-20 23:51:00.604523] Success!
[info] [2021-01-20 23:51:00.604940] Avg Rank 1.0
[info] [2021-01-20 23:51:00.632408] Synthesis time: 1.6646134853363037
[info] [2021-01-20 23:51:00.632583] self.before_0 = lambda x: x.permute(0,3,2,1)
[info] [2021-01-20 23:51:00.632583] self.var70 = torch.nn.Conv2d(1,3,(3,3),stride=(1,1),padding=(0,0))
[info] [2021-01-20 23:51:00.632583] self.var74 = torch.nn.MaxPool2d((2,2),stride=(2,2),padding=(0,0))
[info] [2021-01-20 23:51:00.632583] self.before_3 = lambda x: x.permute(0,3,2,1)
[info] [2021-01-20 23:51:00.632583] self.var115 = lambda x: torch.flatten(x,1)
[info] [2021-01-20 23:51:00.632583] self.var116 = torch.nn.Softmax(dim=1)
/home/soar/anaconda3/envs/soar/lib/python3.8/site-packages/fuzzywuzzy/fuzz.py:11: UserWarning: Using slow pure-python SequenceMatcher. Install python-Levenshtein to remove this warning
  warnings.warn('Using slow pure-python SequenceMatcher. Install python-Levenshtein to remove this warning')
[info] [2021-01-20 23:51:05.604859] Loading Glove Model
number of word types: 400000, number of word types w/ frequency >= 1: 400000
number of word types: 1681, number of word types w/ frequency >= 1: 1681
[info] [2021-01-20 23:51:49.107924] Avg Rank 1.0
