/home/soar/anaconda3/envs/soar/lib/python3.8/site-packages/fuzzywuzzy/fuzz.py:11: UserWarning: Using slow pure-python SequenceMatcher. Install python-Levenshtein to remove this warning
  warnings.warn('Using slow pure-python SequenceMatcher. Install python-Levenshtein to remove this warning')
[info] [2021-01-20 23:55:29.106561] Loading Glove Model
number of word types: 400000, number of word types w/ frequency >= 1: 400000
number of word types: 1681, number of word types w/ frequency >= 1: 1681
[info] [2021-01-20 23:56:15.859157] Success!
[info] [2021-01-20 23:56:15.859394] Avg Rank 2.4
[info] [2021-01-20 23:56:15.889149] Synthesis time: 5.895387887954712
[info] [2021-01-20 23:56:15.889274] self.before_0 = lambda x: x.long()
[info] [2021-01-20 23:56:15.889274] self.var37 = torch.nn.Embedding(50,10)
[info] [2021-01-20 23:56:15.889274] self.before_2 = lambda x: x.permute(0,2,1)
[info] [2021-01-20 23:56:15.889274] self.var183 = torch.nn.Conv1d(10,16,3,stride=1,padding=0)
[info] [2021-01-20 23:56:15.889274] self.before_4 = lambda x: x.permute(0,1,2)
[info] [2021-01-20 23:56:15.889274] self.var320 = torch.nn.Conv1d(16,8,3,stride=1,padding=0)
[info] [2021-01-20 23:56:15.889274] self.var322 = lambda x: torch.flatten(x,-2)
[info] [2021-01-20 23:56:15.889274] self.var681 = torch.nn.Linear(48,1)
/home/soar/anaconda3/envs/soar/lib/python3.8/site-packages/fuzzywuzzy/fuzz.py:11: UserWarning: Using slow pure-python SequenceMatcher. Install python-Levenshtein to remove this warning
  warnings.warn('Using slow pure-python SequenceMatcher. Install python-Levenshtein to remove this warning')
[info] [2021-01-20 23:56:20.486737] Loading Glove Model
number of word types: 400000, number of word types w/ frequency >= 1: 400000
number of word types: 1681, number of word types w/ frequency >= 1: 1681
[info] [2021-01-20 23:57:01.462619] Avg Rank 2.4
