/home/soar/anaconda3/envs/soar/lib/python3.8/site-packages/fuzzywuzzy/fuzz.py:11: UserWarning: Using slow pure-python SequenceMatcher. Install python-Levenshtein to remove this warning
  warnings.warn('Using slow pure-python SequenceMatcher. Install python-Levenshtein to remove this warning')
[info] [2021-01-20 23:58:39.778018] Loading Glove Model
number of word types: 400000, number of word types w/ frequency >= 1: 400000
number of word types: 1681, number of word types w/ frequency >= 1: 1681
[info] [2021-01-21 00:00:04.919542] Success!
[info] [2021-01-21 00:00:04.919909] Avg Rank 2.75
[info] [2021-01-21 00:00:04.951110] Synthesis time: 41.674824714660645
[info] [2021-01-21 00:00:04.951241] self.before_0 = lambda x: x.permute(0,3,1,2)
[info] [2021-01-21 00:00:04.951241] self.var57 = torch.nn.Conv2d(1,64,(5,5),stride=(2,2),padding=(0,0))
[info] [2021-01-21 00:00:04.951241] self.var58 = torch.nn.LeakyReLU()
[info] [2021-01-21 00:00:04.951241] self.before_3 = lambda x: x.permute(0,1,3,2)
[info] [2021-01-21 00:00:04.951241] self.var101 = torch.nn.Conv2d(64,128,(5,5),stride=(2,2),padding=(0,0))
[info] [2021-01-21 00:00:04.951241] self.var102 = torch.nn.LeakyReLU()
[info] [2021-01-21 00:00:04.951241] self.before_6 = lambda x: x.permute(0,3,2,1)
[info] [2021-01-21 00:00:04.951241] self.var121 = lambda x: torch.flatten(x,1)
[info] [2021-01-21 00:00:04.951241] self.var2796 = torch.nn.Linear(8960,1024)
[info] [2021-01-21 00:00:04.951241] self.var3287 = torch.nn.Linear(1024,2)
[info] [2021-01-21 00:00:04.951241] self.var3288 = torch.nn.LeakyReLU()
/home/soar/anaconda3/envs/soar/lib/python3.8/site-packages/fuzzywuzzy/fuzz.py:11: UserWarning: Using slow pure-python SequenceMatcher. Install python-Levenshtein to remove this warning
  warnings.warn('Using slow pure-python SequenceMatcher. Install python-Levenshtein to remove this warning')
[info] [2021-01-21 00:00:09.726315] Loading Glove Model
number of word types: 400000, number of word types w/ frequency >= 1: 400000
number of word types: 1681, number of word types w/ frequency >= 1: 1681
[info] [2021-01-21 00:00:51.831658] Avg Rank 2.75
