number of word types: 1494, number of word types w/ frequency >= 1: 1494
/home/soar/anaconda3/envs/soar/lib/python3.8/site-packages/fuzzywuzzy/fuzz.py:11: UserWarning: Using slow pure-python SequenceMatcher. Install python-Levenshtein to remove this warning
  warnings.warn('Using slow pure-python SequenceMatcher. Install python-Levenshtein to remove this warning')
[info] [2021-01-20 14:51:25.348156] Success!
[info] [2021-01-20 14:51:25.348667] Avg Rank 2.272727272727273
[info] [2021-01-20 14:51:25.360502] Synthesis time: 7.282008171081543
[info] [2021-01-20 14:51:25.360736] self.before_0 = lambda x: x.long()
[info] [2021-01-20 14:51:25.360736] self.var37 = torch.nn.Embedding(50,10)
[info] [2021-01-20 14:51:25.360736] self.before_2 = lambda x: x.permute(0,2,1)
[info] [2021-01-20 14:51:25.360736] self.var176 = torch.nn.Conv1d(10,64,3,stride=1,padding=0)
[info] [2021-01-20 14:51:25.360736] self.var177 = torch.nn.ReLU()
[info] [2021-01-20 14:51:25.360736] self.before_5 = lambda x: x.permute(0,1,2)
[info] [2021-01-20 14:51:25.360736] self.var321 = torch.nn.Conv1d(64,64,3,stride=1,padding=0)
[info] [2021-01-20 14:51:25.360736] self.var322 = torch.nn.ReLU()
[info] [2021-01-20 14:51:25.360736] self.var342 = torch.nn.MaxPool1d(64,stride=3,padding=32)
[info] [2021-01-20 14:51:25.360736] self.var346 = lambda x: torch.flatten(x,1)
[info] [2021-01-20 14:51:25.360736] self.var869 = torch.nn.Linear(192,100)
[info] [2021-01-20 14:51:25.360736] self.var870 = torch.nn.ReLU()
[info] [2021-01-20 14:51:25.360736] self.var1083 = torch.nn.Linear(100,10)
[info] [2021-01-20 14:51:25.360736] self.var1086 = torch.nn.Softmax(dim=-1)
number of word types: 1494, number of word types w/ frequency >= 1: 1494
/home/soar/anaconda3/envs/soar/lib/python3.8/site-packages/fuzzywuzzy/fuzz.py:11: UserWarning: Using slow pure-python SequenceMatcher. Install python-Levenshtein to remove this warning
  warnings.warn('Using slow pure-python SequenceMatcher. Install python-Levenshtein to remove this warning')
[info] [2021-01-20 14:51:32.473426] Avg Rank 2.272727272727273
