number of word types: 1494, number of word types w/ frequency >= 1: 1494
/home/soar/anaconda3/envs/soar/lib/python3.8/site-packages/fuzzywuzzy/fuzz.py:11: UserWarning: Using slow pure-python SequenceMatcher. Install python-Levenshtein to remove this warning
  warnings.warn('Using slow pure-python SequenceMatcher. Install python-Levenshtein to remove this warning')
[info] [2021-01-20 14:51:04.135199] Success!
[info] [2021-01-20 14:51:04.135918] Avg Rank 2.4
[info] [2021-01-20 14:51:04.157271] Synthesis time: 13.791205644607544
[info] [2021-01-20 14:51:04.157481] self.before_0 = lambda x: x.permute(0,3,1,2)
[info] [2021-01-20 14:51:04.157481] self.var67 = torch.nn.Conv2d(1,16,(5,5),stride=(1,1),padding=(0,0))
[info] [2021-01-20 14:51:04.157481] self.var68 = torch.nn.ReLU()
[info] [2021-01-20 14:51:04.157481] self.var74 = torch.nn.MaxPool2d((2,2),stride=(2,2),padding=(0,0))
[info] [2021-01-20 14:51:04.157481] self.before_4 = lambda x: x.permute(0,1,2,3)
[info] [2021-01-20 14:51:04.157481] self.var967 = torch.nn.Conv2d(16,36,(5,5),stride=(1,1),padding=(0,0))
[info] [2021-01-20 14:51:04.157481] self.var968 = torch.nn.ReLU()
[info] [2021-01-20 14:51:04.157481] self.var982 = torch.nn.MaxPool2d((2,2),stride=(2,2),padding=(0,0))
[info] [2021-01-20 14:51:04.157481] self.before_8 = lambda x: x.permute(0,2,3,1)
[info] [2021-01-20 14:51:04.157481] self.var1003 = lambda x: torch.flatten(x,1)
[info] [2021-01-20 14:51:04.157481] self.var1795 = torch.nn.Linear(576,128)
[info] [2021-01-20 14:51:04.157481] self.var1796 = torch.nn.ReLU()
[info] [2021-01-20 14:51:04.157481] self.var2050 = torch.nn.Linear(128,10)
number of word types: 1494, number of word types w/ frequency >= 1: 1494
/home/soar/anaconda3/envs/soar/lib/python3.8/site-packages/fuzzywuzzy/fuzz.py:11: UserWarning: Using slow pure-python SequenceMatcher. Install python-Levenshtein to remove this warning
  warnings.warn('Using slow pure-python SequenceMatcher. Install python-Levenshtein to remove this warning')
[info] [2021-01-20 14:51:11.024410] Avg Rank 2.4
