number of word types: 1494, number of word types w/ frequency >= 1: 1494
/home/soar/anaconda3/envs/soar/lib/python3.8/site-packages/fuzzywuzzy/fuzz.py:11: UserWarning: Using slow pure-python SequenceMatcher. Install python-Levenshtein to remove this warning
  warnings.warn('Using slow pure-python SequenceMatcher. Install python-Levenshtein to remove this warning')
[info] [2021-01-20 14:56:10.976993] Success!
[info] [2021-01-20 14:56:10.977665] Avg Rank 1.4772727272727273
[info] [2021-01-20 14:56:10.992582] Synthesis time: 94.0593945980072
[info] [2021-01-20 14:56:10.992865] self.before_0 = lambda x: x.permute(0,3,1,2)
[info] [2021-01-20 14:56:10.992865] self.var94 = torch.nn.Conv2d(3,64,(3,3),stride=(1,1),padding=(1,1))
[info] [2021-01-20 14:56:10.992865] self.var95 = torch.nn.ReLU()
[info] [2021-01-20 14:56:10.992865] self.var100 = torch.nn.Conv2d(64,64,(3,3),stride=(1,1),padding=(1,1))
[info] [2021-01-20 14:56:10.992865] self.var101 = torch.nn.ReLU()
[info] [2021-01-20 14:56:10.992865] self.var104 = torch.nn.MaxPool2d((2,2),stride=(2,2),padding=(0,0))
[info] [2021-01-20 14:56:10.992865] self.before_6 = lambda x: x.permute(0,1,2,3)
[info] [2021-01-20 14:56:10.992865] self.var209 = torch.nn.Conv2d(64,128,(3,3),stride=(1,1),padding=(1,1))
[info] [2021-01-20 14:56:10.992865] self.var210 = torch.nn.ReLU()
[info] [2021-01-20 14:56:10.992865] self.before_9 = lambda x: x.permute(0,1,2,3)
[info] [2021-01-20 14:56:10.992865] self.var367 = torch.nn.Conv2d(128,128,(3,3),stride=(1,1),padding=(1,1))
[info] [2021-01-20 14:56:10.992865] self.var368 = torch.nn.ReLU()
[info] [2021-01-20 14:56:10.992865] self.var371 = torch.nn.MaxPool2d((2,2),stride=(2,2),padding=(0,0))
[info] [2021-01-20 14:56:10.992865] self.before_13 = lambda x: x.permute(0,1,2,3)
[info] [2021-01-20 14:56:10.992865] self.var501 = torch.nn.Conv2d(128,256,(3,3),stride=(1,1),padding=(1,1))
[info] [2021-01-20 14:56:10.992865] self.var502 = torch.nn.ReLU()
[info] [2021-01-20 14:56:10.992865] self.before_16 = lambda x: x.permute(0,1,2,3)
[info] [2021-01-20 14:56:10.992865] self.var627 = torch.nn.Conv2d(256,256,(3,3),stride=(1,1),padding=(1,1))
[info] [2021-01-20 14:56:10.992865] self.var628 = torch.nn.ReLU()
[info] [2021-01-20 14:56:10.992865] self.before_19 = lambda x: x.permute(0,1,2,3)
[info] [2021-01-20 14:56:10.992865] self.var704 = torch.nn.Conv2d(256,256,(3,3),stride=(1,1),padding=(1,1))
[info] [2021-01-20 14:56:10.992865] self.var705 = torch.nn.ReLU()
[info] [2021-01-20 14:56:10.992865] self.before_22 = lambda x: x.permute(0,1,2,3)
[info] [2021-01-20 14:56:10.992865] self.var838 = torch.nn.Conv2d(256,256,(3,3),stride=(1,1),padding=(1,1))
[info] [2021-01-20 14:56:10.992865] self.var839 = torch.nn.ReLU()
[info] [2021-01-20 14:56:10.992865] self.var842 = torch.nn.MaxPool2d((2,2),stride=(2,2),padding=(0,0))
[info] [2021-01-20 14:56:10.992865] self.before_26 = lambda x: x.permute(0,1,2,3)
[info] [2021-01-20 14:56:10.992865] self.var1161 = torch.nn.Conv2d(256,512,(3,3),stride=(1,1),padding=(1,1))
[info] [2021-01-20 14:56:10.992865] self.var1162 = torch.nn.ReLU()
[info] [2021-01-20 14:56:10.992865] self.before_29 = lambda x: x.permute(0,1,3,2)
[info] [2021-01-20 14:56:10.992865] self.var1237 = torch.nn.Conv2d(512,512,(3,3),stride=(1,1),padding=(0,0))
[info] [2021-01-20 14:56:10.992865] self.var1238 = torch.nn.ReLU()
[info] [2021-01-20 14:56:10.992865] self.before_32 = lambda x: x.permute(0,1,3,2)
[info] [2021-01-20 14:56:10.992865] self.var1288 = torch.nn.Conv2d(512,512,(3,3),stride=(1,1),padding=(1,1))
[info] [2021-01-20 14:56:10.992865] self.var1289 = torch.nn.ReLU()
[info] [2021-01-20 14:56:10.992865] self.before_35 = lambda x: x.permute(0,1,2,3)
[info] [2021-01-20 14:56:10.992865] self.var1376 = torch.nn.Conv2d(512,512,(3,3),stride=(1,1),padding=(1,1))
[info] [2021-01-20 14:56:10.992865] self.var1377 = torch.nn.ReLU()
[info] [2021-01-20 14:56:10.992865] self.var1382 = torch.nn.MaxPool2d((2,2),stride=(2,2),padding=(0,0))
[info] [2021-01-20 14:56:10.992865] self.before_39 = lambda x: x.permute(0,1,2,3)
[info] [2021-01-20 14:56:10.992865] self.var1473 = torch.nn.Conv2d(512,512,(3,3),stride=(1,1),padding=(1,1))
[info] [2021-01-20 14:56:10.992865] self.var1474 = torch.nn.ReLU()
[info] [2021-01-20 14:56:10.992865] self.before_42 = lambda x: x.permute(0,1,3,2)
[info] [2021-01-20 14:56:10.992865] self.var1666 = torch.nn.Conv2d(512,512,(3,3),stride=(1,1),padding=(1,1))
[info] [2021-01-20 14:56:10.992865] self.var1667 = torch.nn.ReLU()
[info] [2021-01-20 14:56:10.992865] self.before_45 = lambda x: x.permute(0,1,3,2)
[info] [2021-01-20 14:56:10.992865] self.var1723 = torch.nn.Conv2d(512,512,(3,3),stride=(1,1),padding=(1,1))
[info] [2021-01-20 14:56:10.992865] self.var1724 = torch.nn.ReLU()
[info] [2021-01-20 14:56:10.992865] self.before_48 = lambda x: x.permute(0,1,3,2)
[info] [2021-01-20 14:56:10.992865] self.var1828 = torch.nn.Conv2d(512,512,(3,3),stride=(1,1),padding=(1,1))
[info] [2021-01-20 14:56:10.992865] self.var1829 = torch.nn.ReLU()
[info] [2021-01-20 14:56:10.992865] self.var1835 = torch.nn.MaxPool2d((2,2),stride=(2,2),padding=(0,0))
[info] [2021-01-20 14:56:10.992865] self.before_52 = lambda x: x.permute(0,3,2,1)
[info] [2021-01-20 14:56:10.992865] self.var1864 = lambda x: torch.flatten(x,1)
[info] [2021-01-20 14:56:10.992865] self.var3905 = torch.nn.Linear(18432,4096)
[info] [2021-01-20 14:56:10.992865] self.var3906 = torch.nn.ReLU()
[info] [2021-01-20 14:56:10.992865] self.var4347 = torch.nn.Linear(4096,4096)
[info] [2021-01-20 14:56:10.992865] self.var4348 = torch.nn.ReLU()
[info] [2021-01-20 14:56:10.992865] self.var4789 = torch.nn.Linear(4096,1000)
[info] [2021-01-20 14:56:10.992865] self.var4790 = torch.nn.Softmax(dim=1)
number of word types: 1494, number of word types w/ frequency >= 1: 1494
/home/soar/anaconda3/envs/soar/lib/python3.8/site-packages/fuzzywuzzy/fuzz.py:11: UserWarning: Using slow pure-python SequenceMatcher. Install python-Levenshtein to remove this warning
  warnings.warn('Using slow pure-python SequenceMatcher. Install python-Levenshtein to remove this warning')
[info] [2021-01-20 14:56:23.564559] Avg Rank 1.4772727272727273
