number of word types: 1494, number of word types w/ frequency >= 1: 1494
/home/soar/anaconda3/envs/soar/lib/python3.8/site-packages/fuzzywuzzy/fuzz.py:11: UserWarning: Using slow pure-python SequenceMatcher. Install python-Levenshtein to remove this warning
  warnings.warn('Using slow pure-python SequenceMatcher. Install python-Levenshtein to remove this warning')
[info] [2021-01-20 14:54:17.693216] Success!
[info] [2021-01-20 14:54:17.693866] Avg Rank 1.5526315789473684
[info] [2021-01-20 14:54:17.714695] Synthesis time: 83.5654661655426
[info] [2021-01-20 14:54:17.714972] self.before_0 = lambda x: x.permute(0,3,1,2)
[info] [2021-01-20 14:54:17.714972] self.var94 = torch.nn.Conv2d(3,64,(3,3),stride=(1,1),padding=(1,1))
[info] [2021-01-20 14:54:17.714972] self.var95 = torch.nn.ReLU()
[info] [2021-01-20 14:54:17.714972] self.var100 = torch.nn.Conv2d(64,64,(3,3),stride=(1,1),padding=(1,1))
[info] [2021-01-20 14:54:17.714972] self.var101 = torch.nn.ReLU()
[info] [2021-01-20 14:54:17.714972] self.var104 = torch.nn.MaxPool2d((2,2),stride=(2,2),padding=(0,0))
[info] [2021-01-20 14:54:17.714972] self.before_6 = lambda x: x.permute(0,1,2,3)
[info] [2021-01-20 14:54:17.714972] self.var209 = torch.nn.Conv2d(64,128,(3,3),stride=(1,1),padding=(1,1))
[info] [2021-01-20 14:54:17.714972] self.var210 = torch.nn.ReLU()
[info] [2021-01-20 14:54:17.714972] self.before_9 = lambda x: x.permute(0,1,2,3)
[info] [2021-01-20 14:54:17.714972] self.var367 = torch.nn.Conv2d(128,128,(3,3),stride=(1,1),padding=(1,1))
[info] [2021-01-20 14:54:17.714972] self.var368 = torch.nn.ReLU()
[info] [2021-01-20 14:54:17.714972] self.var371 = torch.nn.MaxPool2d((2,2),stride=(2,2),padding=(0,0))
[info] [2021-01-20 14:54:17.714972] self.before_13 = lambda x: x.permute(0,1,2,3)
[info] [2021-01-20 14:54:17.714972] self.var501 = torch.nn.Conv2d(128,256,(3,3),stride=(1,1),padding=(1,1))
[info] [2021-01-20 14:54:17.714972] self.var502 = torch.nn.ReLU()
[info] [2021-01-20 14:54:17.714972] self.before_16 = lambda x: x.permute(0,1,2,3)
[info] [2021-01-20 14:54:17.714972] self.var627 = torch.nn.Conv2d(256,256,(3,3),stride=(1,1),padding=(1,1))
[info] [2021-01-20 14:54:17.714972] self.var628 = torch.nn.ReLU()
[info] [2021-01-20 14:54:17.714972] self.before_19 = lambda x: x.permute(0,1,2,3)
[info] [2021-01-20 14:54:17.714972] self.var704 = torch.nn.Conv2d(256,256,(3,3),stride=(1,1),padding=(1,1))
[info] [2021-01-20 14:54:17.714972] self.var705 = torch.nn.ReLU()
[info] [2021-01-20 14:54:17.714972] self.var708 = torch.nn.MaxPool2d((2,2),stride=(2,2),padding=(0,0))
[info] [2021-01-20 14:54:17.714972] self.before_23 = lambda x: x.permute(0,1,3,2)
[info] [2021-01-20 14:54:17.714972] self.var918 = torch.nn.Conv2d(256,512,(3,3),stride=(1,1),padding=(1,1))
[info] [2021-01-20 14:54:17.714972] self.var919 = torch.nn.ReLU()
[info] [2021-01-20 14:54:17.714972] self.before_26 = lambda x: x.permute(0,1,2,3)
[info] [2021-01-20 14:54:17.714972] self.var1005 = torch.nn.Conv2d(512,512,(3,3),stride=(1,1),padding=(1,1))
[info] [2021-01-20 14:54:17.714972] self.var1006 = torch.nn.ReLU()
[info] [2021-01-20 14:54:17.714972] self.before_29 = lambda x: x.permute(0,1,3,2)
[info] [2021-01-20 14:54:17.714972] self.var1271 = torch.nn.Conv2d(512,512,(3,3),stride=(1,1),padding=(1,1))
[info] [2021-01-20 14:54:17.714972] self.var1272 = torch.nn.ReLU()
[info] [2021-01-20 14:54:17.714972] self.var1276 = torch.nn.MaxPool2d((2,2),stride=(2,2),padding=(0,0))
[info] [2021-01-20 14:54:17.714972] self.before_33 = lambda x: x.permute(0,1,2,3)
[info] [2021-01-20 14:54:17.714972] self.var1330 = torch.nn.Conv2d(512,512,(3,3),stride=(1,1),padding=(1,1))
[info] [2021-01-20 14:54:17.714972] self.var1331 = torch.nn.ReLU()
[info] [2021-01-20 14:54:17.714972] self.before_36 = lambda x: x.permute(0,1,2,3)
[info] [2021-01-20 14:54:17.714972] self.var1410 = torch.nn.Conv2d(512,512,(3,3),stride=(1,1),padding=(1,1))
[info] [2021-01-20 14:54:17.714972] self.var1411 = torch.nn.ReLU()
[info] [2021-01-20 14:54:17.714972] self.before_39 = lambda x: x.permute(0,1,3,2)
[info] [2021-01-20 14:54:17.714972] self.var1582 = torch.nn.Conv2d(512,512,(3,3),stride=(1,1),padding=(1,1))
[info] [2021-01-20 14:54:17.714972] self.var1583 = torch.nn.ReLU()
[info] [2021-01-20 14:54:17.714972] self.var1596 = torch.nn.MaxPool2d((2,2),stride=(2,2),padding=(0,0))
[info] [2021-01-20 14:54:17.714972] self.before_43 = lambda x: x.permute(0,3,2,1)
[info] [2021-01-20 14:54:17.714972] self.var1626 = lambda x: torch.flatten(x,1)
[info] [2021-01-20 14:54:17.714972] self.var3091 = torch.nn.Linear(25088,4096)
[info] [2021-01-20 14:54:17.714972] self.var3092 = torch.nn.ReLU()
[info] [2021-01-20 14:54:17.714972] self.var3533 = torch.nn.Linear(4096,4096)
[info] [2021-01-20 14:54:17.714972] self.var3534 = torch.nn.ReLU()
[info] [2021-01-20 14:54:17.714972] self.var3975 = torch.nn.Linear(4096,1000)
[info] [2021-01-20 14:54:17.714972] self.var3977 = torch.nn.Softmax(dim=-1)
number of word types: 1494, number of word types w/ frequency >= 1: 1494
/home/soar/anaconda3/envs/soar/lib/python3.8/site-packages/fuzzywuzzy/fuzz.py:11: UserWarning: Using slow pure-python SequenceMatcher. Install python-Levenshtein to remove this warning
  warnings.warn('Using slow pure-python SequenceMatcher. Install python-Levenshtein to remove this warning')
[info] [2021-01-20 14:54:29.811863] Avg Rank 1.5526315789473684
