number of word types: 1494, number of word types w/ frequency >= 1: 1494
/home/soar/anaconda3/envs/soar/lib/python3.8/site-packages/fuzzywuzzy/fuzz.py:11: UserWarning: Using slow pure-python SequenceMatcher. Install python-Levenshtein to remove this warning
  warnings.warn('Using slow pure-python SequenceMatcher. Install python-Levenshtein to remove this warning')
[info] [2021-01-21 17:18:43.157374] Success!
[info] [2021-01-21 17:18:43.157940] Avg Rank 1.9333333333333333
[info] [2021-01-21 17:18:43.168338] Synthesis time: 444.4523067474365
[info] [2021-01-21 17:18:43.168531] self.before_0 = lambda x: x.permute(0,3,1,2)
[info] [2021-01-21 17:18:43.168531] self.var2110 = torch.nn.Conv2d(32,32,(3,3),stride=(2,2),padding=(0,0))
[info] [2021-01-21 17:18:43.168531] self.var2111 = torch.nn.ReLU()
[info] [2021-01-21 17:18:43.168531] self.before_3 = lambda x: x.permute(0,1,2,3)
[info] [2021-01-21 17:18:43.168531] self.var4410 = torch.nn.Conv2d(32,64,(3,3),stride=(2,2),padding=(0,0))
[info] [2021-01-21 17:18:43.168531] self.var4411 = torch.nn.ReLU()
[info] [2021-01-21 17:18:43.168531] self.var4414 = lambda x: torch.flatten(x,1)
[info] [2021-01-21 17:18:43.168531] self.var4599 = torch.nn.Linear(64,10)
[info] [2021-01-21 17:18:43.168531] self.var4682 = torch.nn.Linear(10,1568)
[info] [2021-01-21 17:18:43.168531] self.var4683 = torch.nn.ReLU()
[info] [2021-01-21 17:18:43.168531] self.before_10 = lambda x: x.view(10,32,7,7)
[info] [2021-01-21 17:18:43.168531] self.var4761 = lambda x: torch.Tensor(x)
[info] [2021-01-21 17:18:43.168531] self.before_12 = lambda x: x.permute(0,1,3,2)
[info] [2021-01-21 17:18:43.168531] self.var10633 = torch.nn.ConvTranspose2d(32,64,(3,3),stride=(2,2),padding=(0,0))
[info] [2021-01-21 17:18:43.168531] self.var10634 = torch.nn.ReLU()
[info] [2021-01-21 17:18:43.168531] self.before_15 = lambda x: x.permute(0,1,2,3)
[info] [2021-01-21 17:18:43.168531] self.var14737 = torch.nn.ConvTranspose2d(64,32,(3,3),stride=(2,2),padding=(0,0))
[info] [2021-01-21 17:18:43.168531] self.var14738 = torch.nn.ReLU()
[info] [2021-01-21 17:18:43.168531] self.before_18 = lambda x: x.permute(0,1,2,3)
[info] [2021-01-21 17:18:43.168531] self.var16300 = torch.nn.ConvTranspose2d(32,1,(3,3),stride=(1,1),padding=(0,0))
[info] [2021-01-21 17:18:43.168531] self.var16301 = torch.nn.ReLU()
number of word types: 1494, number of word types w/ frequency >= 1: 1494
/home/soar/anaconda3/envs/soar/lib/python3.8/site-packages/fuzzywuzzy/fuzz.py:11: UserWarning: Using slow pure-python SequenceMatcher. Install python-Levenshtein to remove this warning
  warnings.warn('Using slow pure-python SequenceMatcher. Install python-Levenshtein to remove this warning')
[info] [2021-01-21 17:18:49.270961] Avg Rank 1.9333333333333333
