number of word types: 1494, number of word types w/ frequency >= 1: 1494
/home/soar/anaconda3/envs/soar/lib/python3.8/site-packages/fuzzywuzzy/fuzz.py:11: UserWarning: Using slow pure-python SequenceMatcher. Install python-Levenshtein to remove this warning
  warnings.warn('Using slow pure-python SequenceMatcher. Install python-Levenshtein to remove this warning')
[info] [2021-01-21 17:46:45.136676] Success!
[info] [2021-01-21 17:46:45.137066] Avg Rank 2.4
[info] [2021-01-21 17:46:45.153442] Synthesis time: 131.02030181884766
[info] [2021-01-21 17:46:45.153580] self.before_0 = lambda x: x.permute(0,3,1,2)
[info] [2021-01-21 17:46:45.153580] self.var4703 = torch.nn.Conv2d(1,16,(5,5),stride=(1,1),padding=(0,0))
[info] [2021-01-21 17:46:45.153580] self.var4704 = torch.nn.ReLU()
[info] [2021-01-21 17:46:45.153580] self.var4837 = torch.nn.MaxPool2d((2,2),stride=(2,2),padding=(0,0))
[info] [2021-01-21 17:46:45.153580] self.before_4 = lambda x: x.permute(0,1,2,3)
[info] [2021-01-21 17:46:45.153580] self.var12341 = torch.nn.Conv2d(16,36,(5,5),stride=(1,1),padding=(0,0))
[info] [2021-01-21 17:46:45.153580] self.var12342 = torch.nn.ReLU()
[info] [2021-01-21 17:46:45.153580] self.var12505 = torch.nn.MaxPool2d((2,2),stride=(2,2),padding=(0,0))
[info] [2021-01-21 17:46:45.153580] self.before_8 = lambda x: x.permute(0,2,3,1)
[info] [2021-01-21 17:46:45.153580] self.var12534 = lambda x: torch.flatten(x,1)
[info] [2021-01-21 17:46:45.153580] self.var13346 = torch.nn.Linear(576,128)
[info] [2021-01-21 17:46:45.153580] self.var13347 = torch.nn.ReLU()
[info] [2021-01-21 17:46:45.153580] self.var13553 = torch.nn.Linear(128,10)
number of word types: 1494, number of word types w/ frequency >= 1: 1494
/home/soar/anaconda3/envs/soar/lib/python3.8/site-packages/fuzzywuzzy/fuzz.py:11: UserWarning: Using slow pure-python SequenceMatcher. Install python-Levenshtein to remove this warning
  warnings.warn('Using slow pure-python SequenceMatcher. Install python-Levenshtein to remove this warning')
[info] [2021-01-21 17:46:51.238964] Avg Rank 2.4
