/home/soar/anaconda3/envs/soar/lib/python3.8/site-packages/fuzzywuzzy/fuzz.py:11: UserWarning: Using slow pure-python SequenceMatcher. Install python-Levenshtein to remove this warning
  warnings.warn('Using slow pure-python SequenceMatcher. Install python-Levenshtein to remove this warning')
[info] [2021-01-21 00:41:50.575550] Loading Glove Model
number of word types: 400000, number of word types w/ frequency >= 1: 400000
number of word types: 1681, number of word types w/ frequency >= 1: 1681
[info] [2021-01-21 00:42:53.599499] Success!
[info] [2021-01-21 00:42:53.599873] Avg Rank 2.4
[info] [2021-01-21 00:42:53.637824] Synthesis time: 20.13082766532898
[info] [2021-01-21 00:42:53.637957] self.before_0 = lambda x: x.permute(0,3,1,2)
[info] [2021-01-21 00:42:53.637957] self.var67 = torch.nn.Conv2d(1,16,(5,5),stride=(1,1),padding=(0,0))
[info] [2021-01-21 00:42:53.637957] self.var68 = torch.nn.ReLU()
[info] [2021-01-21 00:42:53.637957] self.var74 = torch.nn.MaxPool2d((2,2),stride=(2,2),padding=(0,0))
[info] [2021-01-21 00:42:53.637957] self.before_4 = lambda x: x.permute(0,1,2,3)
[info] [2021-01-21 00:42:53.637957] self.var967 = torch.nn.Conv2d(16,36,(5,5),stride=(1,1),padding=(0,0))
[info] [2021-01-21 00:42:53.637957] self.var968 = torch.nn.ReLU()
[info] [2021-01-21 00:42:53.637957] self.var982 = torch.nn.MaxPool2d((2,2),stride=(2,2),padding=(0,0))
[info] [2021-01-21 00:42:53.637957] self.before_8 = lambda x: x.permute(0,2,3,1)
[info] [2021-01-21 00:42:53.637957] self.var1003 = lambda x: torch.flatten(x,1)
[info] [2021-01-21 00:42:53.637957] self.var2166 = torch.nn.Linear(576,128)
[info] [2021-01-21 00:42:53.637957] self.var2167 = torch.nn.ReLU()
[info] [2021-01-21 00:42:53.637957] self.var2460 = torch.nn.Linear(128,10)
/home/soar/anaconda3/envs/soar/lib/python3.8/site-packages/fuzzywuzzy/fuzz.py:11: UserWarning: Using slow pure-python SequenceMatcher. Install python-Levenshtein to remove this warning
  warnings.warn('Using slow pure-python SequenceMatcher. Install python-Levenshtein to remove this warning')
[info] [2021-01-21 00:42:58.313309] Loading Glove Model
number of word types: 400000, number of word types w/ frequency >= 1: 400000
number of word types: 1681, number of word types w/ frequency >= 1: 1681
[info] [2021-01-21 00:43:38.577564] Avg Rank 2.4
