[error] [2021-01-20 18:17:44.773508] Could not load <commons.library_api.Argument object at 0x7f2af1ead7f0>
[error] [2021-01-20 18:17:44.774222] Could not load <commons.library_api.Argument object at 0x7f2af1f00b20>
[error] [2021-01-20 18:17:44.776236] Could not load <commons.library_api.Argument object at 0x7f2af1eebcd0>
[info] [2021-01-20 18:17:44.827419] Loading Glove Model
number of word types: 400000, number of word types w/ frequency >= 1: 400000
number of word types: 295, number of word types w/ frequency >= 1: 295
`summarise()` ungrouping output (override with `.groups` argument)
[info] [2021-01-20 18:18:16.631928] Success!
[info] [2021-01-20 18:18:16.632046] Avg Rank 1.0
[info] [2021-01-20 18:18:16.632200] Synthesis time: 1.0157477855682373
[info] [2021-01-20 18:18:16.632277] lambda x: x.groupby(by=['city'])
[info] [2021-01-20 18:18:16.632277] lambda x: x.sum()[['dock_count']]
R[write to console]: Warning message:

R[write to console]: In (function (package, help, pos = 2, lib.loc = NULL, character.only = FALSE,  :
R[write to console]: 
 
R[write to console]:  library ‘/usr/lib/R/site-library’ contains no packages

[error] [2021-01-20 18:18:19.705434] Could not load <commons.library_api.Argument object at 0x7f3230264790>
[error] [2021-01-20 18:18:19.706085] Could not load <commons.library_api.Argument object at 0x7f3230279f10>
[error] [2021-01-20 18:18:19.707858] Could not load <commons.library_api.Argument object at 0x7f323024d760>
[info] [2021-01-20 18:18:19.764385] Loading Glove Model
[error] [2021-01-20 18:18:52.032453] Could not load <commons.library_api.Argument object at 0x7f322db51790>
[error] [2021-01-20 18:18:52.032924] Could not load <commons.library_api.Argument object at 0x7f322db51cd0>
[error] [2021-01-20 18:18:52.034920] Could not load <commons.library_api.Argument object at 0x7f3229856f10>
[info] [2021-01-20 18:18:52.119354] Avg Rank GLOVE 1.0
[info] [2021-01-20 18:18:52.119472] Avg Rank TFIDF 87.5
number of word types: 400000, number of word types w/ frequency >= 1: 400000
number of word types: 295, number of word types w/ frequency >= 1: 295
number of word types: 288, number of word types w/ frequency >= 1: 288
