[error] [2021-01-20 18:29:28.399677] Could not load <commons.library_api.Argument object at 0x7f7f55154ee0>
[error] [2021-01-20 18:29:28.400209] Could not load <commons.library_api.Argument object at 0x7f7f55154520>
[error] [2021-01-20 18:29:28.401871] Could not load <commons.library_api.Argument object at 0x7f7f550e0df0>
[info] [2021-01-20 18:29:28.455029] Loading Glove Model
number of word types: 400000, number of word types w/ frequency >= 1: 400000
number of word types: 295, number of word types w/ frequency >= 1: 295
`summarise()` ungrouping output (override with `.groups` argument)
[info] [2021-01-20 18:30:01.788872] Success!
[info] [2021-01-20 18:30:01.789005] Avg Rank 1.0
[info] [2021-01-20 18:30:01.789199] Synthesis time: 1.062314510345459
[info] [2021-01-20 18:30:01.789282] lambda x: x.groupby(by=['Gender'])
[info] [2021-01-20 18:30:01.789282] lambda x: x.sum()[['JobSatisfaction']]
R[write to console]: Warning message:

R[write to console]: In (function (package, help, pos = 2, lib.loc = NULL, character.only = FALSE,  :
R[write to console]: 
 
R[write to console]:  library ‘/usr/lib/R/site-library’ contains no packages

[error] [2021-01-20 18:30:04.769050] Could not load <commons.library_api.Argument object at 0x7f086329e5e0>
[error] [2021-01-20 18:30:04.769554] Could not load <commons.library_api.Argument object at 0x7f086329e0a0>
[error] [2021-01-20 18:30:04.771113] Could not load <commons.library_api.Argument object at 0x7f0863229070>
[info] [2021-01-20 18:30:04.819336] Loading Glove Model
[error] [2021-01-20 18:30:38.062572] Could not load <commons.library_api.Argument object at 0x7f085c87a070>
[error] [2021-01-20 18:30:38.063183] Could not load <commons.library_api.Argument object at 0x7f085c87a5b0>
[error] [2021-01-20 18:30:38.065254] Could not load <commons.library_api.Argument object at 0x7f085c8817f0>
[info] [2021-01-20 18:30:38.143017] Avg Rank GLOVE 1.0
[info] [2021-01-20 18:30:38.143197] Avg Rank TFIDF 87.5
number of word types: 400000, number of word types w/ frequency >= 1: 400000
number of word types: 295, number of word types w/ frequency >= 1: 295
number of word types: 288, number of word types w/ frequency >= 1: 288
