[error] [2021-01-20 18:30:41.168522] Could not load <commons.library_api.Argument object at 0x7f863f74fa00>
[error] [2021-01-20 18:30:41.169269] Could not load <commons.library_api.Argument object at 0x7f863f730280>
[error] [2021-01-20 18:30:41.171152] Could not load <commons.library_api.Argument object at 0x7f863f70c790>
[info] [2021-01-20 18:30:41.226132] Loading Glove Model
number of word types: 400000, number of word types w/ frequency >= 1: 400000
number of word types: 295, number of word types w/ frequency >= 1: 295
`summarise()` ungrouping output (override with `.groups` argument)
/home/soar/anaconda3/envs/soar/lib/python3.8/site-packages/pandas/core/frame.py:8522: RuntimeWarning: Degrees of freedom <= 0 for slice
  base_cov = np.cov(mat.T, ddof=ddof)
/home/soar/anaconda3/envs/soar/lib/python3.8/site-packages/numpy/lib/function_base.py:2480: RuntimeWarning: divide by zero encountered in true_divide
  c *= np.true_divide(1, fact)
/home/soar/anaconda3/envs/soar/lib/python3.8/site-packages/numpy/lib/function_base.py:2480: RuntimeWarning: invalid value encountered in multiply
  c *= np.true_divide(1, fact)
/home/soar/anaconda3/envs/soar/lib/python3.8/site-packages/pandas/core/groupby/groupby.py:806: FutureWarning: dtype lost in 'diff()'. In the future this will raise a TypeError. Convert to a suitable dtype prior to calling 'diff'.
  return f(x, *args, **kwargs)
/home/soar/anaconda3/envs/soar/lib/python3.8/site-packages/pandas/core/groupby/groupby.py:806: FutureWarning: tshift is deprecated and will be removed in a future version. Please use shift instead.
  return f(x, *args, **kwargs)
[info] [2021-01-20 18:31:24.666035] Success!
[info] [2021-01-20 18:31:24.666234] Avg Rank 106.5
[info] [2021-01-20 18:31:24.666442] Synthesis time: 9.03726053237915
[info] [2021-01-20 18:31:24.666528] lambda x: x.groupby(by=['registered_via'])
[info] [2021-01-20 18:31:24.666528] lambda x: x.size()
R[write to console]: Warning message:

R[write to console]: In (function (package, help, pos = 2, lib.loc = NULL, character.only = FALSE,  :
R[write to console]: 
 
R[write to console]:  library ‘/usr/lib/R/site-library’ contains no packages

[error] [2021-01-20 18:31:28.055582] Could not load <commons.library_api.Argument object at 0x7fd3f96389a0>
[error] [2021-01-20 18:31:28.056157] Could not load <commons.library_api.Argument object at 0x7fd3f964ddf0>
[error] [2021-01-20 18:31:28.058009] Could not load <commons.library_api.Argument object at 0x7fd3f9621730>
[info] [2021-01-20 18:31:28.111522] Loading Glove Model
[error] [2021-01-20 18:32:00.853889] Could not load <commons.library_api.Argument object at 0x7fd3f6f23790>
[error] [2021-01-20 18:32:00.855269] Could not load <commons.library_api.Argument object at 0x7fd3f6f23cd0>
[error] [2021-01-20 18:32:00.860406] Could not load <commons.library_api.Argument object at 0x7fd3f2c2bf10>
[info] [2021-01-20 18:32:00.964826] Avg Rank GLOVE 106.5
[info] [2021-01-20 18:32:00.965076] Avg Rank TFIDF 186.5
number of word types: 400000, number of word types w/ frequency >= 1: 400000
number of word types: 295, number of word types w/ frequency >= 1: 295
number of word types: 288, number of word types w/ frequency >= 1: 288
