[error] [2021-01-20 18:16:22.810900] Could not load <commons.library_api.Argument object at 0x7fef2ee25550>
[error] [2021-01-20 18:16:22.811446] Could not load <commons.library_api.Argument object at 0x7fef2ee25f70>
[error] [2021-01-20 18:16:22.813270] Could not load <commons.library_api.Argument object at 0x7fef2edf0ca0>
[info] [2021-01-20 18:16:22.863126] Loading Glove Model
number of word types: 400000, number of word types w/ frequency >= 1: 400000
number of word types: 295, number of word types w/ frequency >= 1: 295
`summarise()` ungrouping output (override with `.groups` argument)
/home/soar/anaconda3/envs/soar/lib/python3.8/site-packages/pandas/core/frame.py:8522: RuntimeWarning: Degrees of freedom <= 0 for slice
  base_cov = np.cov(mat.T, ddof=ddof)
/home/soar/anaconda3/envs/soar/lib/python3.8/site-packages/numpy/lib/function_base.py:2480: RuntimeWarning: divide by zero encountered in true_divide
  c *= np.true_divide(1, fact)
/home/soar/anaconda3/envs/soar/lib/python3.8/site-packages/numpy/lib/function_base.py:2480: RuntimeWarning: invalid value encountered in multiply
  c *= np.true_divide(1, fact)
/home/soar/anaconda3/envs/soar/lib/python3.8/site-packages/pandas/core/groupby/groupby.py:806: FutureWarning: tshift is deprecated and will be removed in a future version. Please use shift instead.
  return f(x, *args, **kwargs)
[info] [2021-01-20 18:17:06.798685] Success!
[info] [2021-01-20 18:17:06.798932] Avg Rank 77.66666666666667
[info] [2021-01-20 18:17:06.799396] Synthesis time: 11.725234270095825
[info] [2021-01-20 18:17:06.799478] lambda x: x.query(expr='Survived == 1')
[info] [2021-01-20 18:17:06.799478] lambda x: x.groupby(by=['Parch'])
[info] [2021-01-20 18:17:06.799478] lambda x: x.size()
R[write to console]: Warning message:

R[write to console]: In (function (package, help, pos = 2, lib.loc = NULL, character.only = FALSE,  :
R[write to console]: 
 
R[write to console]:  library ‘/usr/lib/R/site-library’ contains no packages

[error] [2021-01-20 18:17:10.086309] Could not load <commons.library_api.Argument object at 0x7f1ead3dd340>
[error] [2021-01-20 18:17:10.086850] Could not load <commons.library_api.Argument object at 0x7f1ead3f2250>
[error] [2021-01-20 18:17:10.088642] Could not load <commons.library_api.Argument object at 0x7f1ead37caf0>
[info] [2021-01-20 18:17:10.143488] Loading Glove Model
[error] [2021-01-20 18:17:41.767057] Could not load <commons.library_api.Argument object at 0x7f1eaaccba90>
[error] [2021-01-20 18:17:41.767450] Could not load <commons.library_api.Argument object at 0x7f1eaaccbfd0>
[error] [2021-01-20 18:17:41.768975] Could not load <commons.library_api.Argument object at 0x7f1ea69d1250>
[info] [2021-01-20 18:17:41.847307] Avg Rank GLOVE 77.66666666666667
[info] [2021-01-20 18:17:41.847419] Avg Rank TFIDF 166.0
number of word types: 400000, number of word types w/ frequency >= 1: 400000
number of word types: 295, number of word types w/ frequency >= 1: 295
number of word types: 288, number of word types w/ frequency >= 1: 288
