[error] [2021-01-20 18:28:13.850951] Could not load <commons.library_api.Argument object at 0x7f37cdb26ca0>
[error] [2021-01-20 18:28:13.851521] Could not load <commons.library_api.Argument object at 0x7f37cdb26910>
[error] [2021-01-20 18:28:13.853401] Could not load <commons.library_api.Argument object at 0x7f37cdaed610>
[info] [2021-01-20 18:28:13.905256] Loading Glove Model
number of word types: 400000, number of word types w/ frequency >= 1: 400000
number of word types: 295, number of word types w/ frequency >= 1: 295
`summarise()` ungrouping output (override with `.groups` argument)
[info] [2021-01-20 18:28:48.450256] Success!
[info] [2021-01-20 18:28:48.450417] Avg Rank 1.0
[info] [2021-01-20 18:28:48.450631] Synthesis time: 1.0185527801513672
[info] [2021-01-20 18:28:48.450724] lambda x: x.groupby(by=['neighbourhood_group'])
[info] [2021-01-20 18:28:48.450724] lambda x: x.median()[['price']]
R[write to console]: Warning message:

R[write to console]: In (function (package, help, pos = 2, lib.loc = NULL, character.only = FALSE,  :
R[write to console]: 
 
R[write to console]:  library ‘/usr/lib/R/site-library’ contains no packages

[error] [2021-01-20 18:28:51.579639] Could not load <commons.library_api.Argument object at 0x7ff973a2e520>
[error] [2021-01-20 18:28:51.580391] Could not load <commons.library_api.Argument object at 0x7ff973a2e5e0>
[error] [2021-01-20 18:28:51.582366] Could not load <commons.library_api.Argument object at 0x7ff9739b9dc0>
[info] [2021-01-20 18:28:51.635500] Loading Glove Model
[error] [2021-01-20 18:29:25.237609] Could not load <commons.library_api.Argument object at 0x7ff971307b50>
[error] [2021-01-20 18:29:25.238147] Could not load <commons.library_api.Argument object at 0x7ff96d0060d0>
[error] [2021-01-20 18:29:25.239910] Could not load <commons.library_api.Argument object at 0x7ff96d00c310>
[info] [2021-01-20 18:29:25.323090] Avg Rank GLOVE 1.0
[info] [2021-01-20 18:29:25.323249] Avg Rank TFIDF 87.5
number of word types: 400000, number of word types w/ frequency >= 1: 400000
number of word types: 295, number of word types w/ frequency >= 1: 295
number of word types: 288, number of word types w/ frequency >= 1: 288
