[error] [2021-01-20 18:33:24.100760] Could not load <commons.library_api.Argument object at 0x7faa4e99c580>
[error] [2021-01-20 18:33:24.101386] Could not load <commons.library_api.Argument object at 0x7faa4e993520>
[error] [2021-01-20 18:33:24.103306] Could not load <commons.library_api.Argument object at 0x7faa4e982d60>
[info] [2021-01-20 18:33:24.156539] Loading Glove Model
number of word types: 400000, number of word types w/ frequency >= 1: 400000
number of word types: 295, number of word types w/ frequency >= 1: 295
`summarise()` ungrouping output (override with `.groups` argument)
/home/soar/anaconda3/envs/soar/lib/python3.8/site-packages/pandas/core/groupby/groupby.py:806: FutureWarning: dtype lost in 'diff()'. In the future this will raise a TypeError. Convert to a suitable dtype prior to calling 'diff'.
  return f(x, *args, **kwargs)
/home/soar/anaconda3/envs/soar/lib/python3.8/site-packages/pandas/core/groupby/groupby.py:806: FutureWarning: tshift is deprecated and will be removed in a future version. Please use shift instead.
  return f(x, *args, **kwargs)
/home/soar/anaconda3/envs/soar/lib/python3.8/site-packages/pandas/core/frame.py:8522: RuntimeWarning: Degrees of freedom <= 0 for slice
  base_cov = np.cov(mat.T, ddof=ddof)
/home/soar/anaconda3/envs/soar/lib/python3.8/site-packages/numpy/lib/function_base.py:2480: RuntimeWarning: divide by zero encountered in true_divide
  c *= np.true_divide(1, fact)
/home/soar/anaconda3/envs/soar/lib/python3.8/site-packages/numpy/lib/function_base.py:2480: RuntimeWarning: invalid value encountered in multiply
  c *= np.true_divide(1, fact)
<string>:1: FutureWarning: the 'fname'' keyword is deprecated, use 'path' instead
<string>:1: FutureWarning: The 'slice_shift' method is deprecated and will be removed in a future version. You can use DataFrame/Series.shift instead
/home/soar/anaconda3/envs/soar/lib/python3.8/site-packages/pandas/io/stata.py:2347: InvalidColumnName: 
Not all pandas column names were valid Stata variable names.
The following replacements have been made:

    0   ->   _0

If this is not what you expect, please make sure you have Stata-compliant
column names in your DataFrame (strings only, max 32 characters, only
alphanumerics and underscores, no Stata reserved words)

  warnings.warn(ws, InvalidColumnName)
<string>:1: FutureWarning: The 'lookup' method is deprecated and will beremoved in a future version.You can use DataFrame.melt and DataFrame.locas a substitute.
<string>:1: FutureWarning: the 'fname'' keyword is deprecated, use 'path' instead
<string>:1: FutureWarning: tshift is deprecated and will be removed in a future version. Please use shift instead.
<string>:1: FutureWarning: The 'lookup' method is deprecated and will beremoved in a future version.You can use DataFrame.melt and DataFrame.locas a substitute.
<string>:1: FutureWarning: tshift is deprecated and will be removed in a future version. Please use shift instead.
<string>:1: FutureWarning: the 'fname'' keyword is deprecated, use 'path' instead
<string>:1: FutureWarning: The 'slice_shift' method is deprecated and will be removed in a future version. You can use DataFrame/Series.shift instead
<string>:1: FutureWarning: the 'fname'' keyword is deprecated, use 'path' instead
/home/soar/anaconda3/envs/soar/lib/python3.8/site-packages/pandas/io/stata.py:2347: InvalidColumnName: 
Not all pandas column names were valid Stata variable names.
The following replacements have been made:

    0   ->   _0

If this is not what you expect, please make sure you have Stata-compliant
column names in your DataFrame (strings only, max 32 characters, only
alphanumerics and underscores, no Stata reserved words)

  warnings.warn(ws, InvalidColumnName)
/home/soar/anaconda3/envs/soar/lib/python3.8/site-packages/pandas/core/frame.py:8522: RuntimeWarning: Degrees of freedom <= 0 for slice
  base_cov = np.cov(mat.T, ddof=ddof)
/home/soar/anaconda3/envs/soar/lib/python3.8/site-packages/numpy/lib/function_base.py:2480: RuntimeWarning: divide by zero encountered in true_divide
  c *= np.true_divide(1, fact)
/home/soar/anaconda3/envs/soar/lib/python3.8/site-packages/numpy/lib/function_base.py:2480: RuntimeWarning: invalid value encountered in multiply
  c *= np.true_divide(1, fact)
<string>:1: FutureWarning: The 'slice_shift' method is deprecated and will be removed in a future version. You can use DataFrame/Series.shift instead
/home/soar/anaconda3/envs/soar/lib/python3.8/site-packages/pandas/core/frame.py:8522: RuntimeWarning: Degrees of freedom <= 0 for slice
  base_cov = np.cov(mat.T, ddof=ddof)
/home/soar/anaconda3/envs/soar/lib/python3.8/site-packages/numpy/lib/function_base.py:2480: RuntimeWarning: divide by zero encountered in true_divide
  c *= np.true_divide(1, fact)
/home/soar/anaconda3/envs/soar/lib/python3.8/site-packages/numpy/lib/function_base.py:2480: RuntimeWarning: invalid value encountered in multiply
  c *= np.true_divide(1, fact)
<string>:1: FutureWarning: the 'fname'' keyword is deprecated, use 'path' instead
/home/soar/anaconda3/envs/soar/lib/python3.8/site-packages/pandas/io/stata.py:2347: InvalidColumnName: 
Not all pandas column names were valid Stata variable names.
The following replacements have been made:

    0   ->   _0

If this is not what you expect, please make sure you have Stata-compliant
column names in your DataFrame (strings only, max 32 characters, only
alphanumerics and underscores, no Stata reserved words)

  warnings.warn(ws, InvalidColumnName)
<string>:1: FutureWarning: tshift is deprecated and will be removed in a future version. Please use shift instead.
<string>:1: FutureWarning: the 'fname'' keyword is deprecated, use 'path' instead
<string>:1: FutureWarning: The 'lookup' method is deprecated and will beremoved in a future version.You can use DataFrame.melt and DataFrame.locas a substitute.
[info] [2021-01-20 18:35:06.941718] Success!
[info] [2021-01-20 18:35:06.941964] Avg Rank 42.6
[info] [2021-01-20 18:35:06.942181] Synthesis time: 68.95250606536865
[info] [2021-01-20 18:35:06.942274] lambda x: x.groupby(by=['equipment'])
[info] [2021-01-20 18:35:06.942274] lambda x: x.size()
<class 'pandas.core.frame.DataFrame'>
RangeIndex: 1 entries, 0 to 0
Data columns (total 2 columns):
 #   Column     Non-Null Count  Dtype 
---  ------     --------------  ----- 
 0   equipment  1 non-null      object
 1   0          1 non-null      int64 
dtypes: int64(1), object(1)
memory usage: 144.0+ bytes
<class 'pandas.core.frame.DataFrame'>
RangeIndex: 1 entries, 0 to 0
Data columns (total 2 columns):
 #   Column     Non-Null Count  Dtype 
---  ------     --------------  ----- 
 0   equipment  1 non-null      object
 1   0          1 non-null      int64 
dtypes: int64(1), object(1)
memory usage: 144.0+ bytes
<class 'pandas.core.frame.DataFrame'>
RangeIndex: 1 entries, 0 to 0
Data columns (total 2 columns):
 #   Column     Non-Null Count  Dtype 
---  ------     --------------  ----- 
 0   equipment  1 non-null      object
 1   0          1 non-null      int64 
dtypes: int64(1), object(1)
memory usage: 144.0+ bytes
R[write to console]: Warning message:

R[write to console]: In (function (package, help, pos = 2, lib.loc = NULL, character.only = FALSE,  :
R[write to console]: 
 
R[write to console]:  library ‘/usr/lib/R/site-library’ contains no packages

[error] [2021-01-20 18:35:10.681951] Could not load <commons.library_api.Argument object at 0x7f78193415e0>
[error] [2021-01-20 18:35:10.682620] Could not load <commons.library_api.Argument object at 0x7f7819355b20>
[error] [2021-01-20 18:35:10.684482] Could not load <commons.library_api.Argument object at 0x7f78192e0220>
[info] [2021-01-20 18:35:10.737980] Loading Glove Model
[error] [2021-01-20 18:35:43.515539] Could not load <commons.library_api.Argument object at 0x7f7816c2a9a0>
[error] [2021-01-20 18:35:43.516184] Could not load <commons.library_api.Argument object at 0x7f7816c2aee0>
[error] [2021-01-20 18:35:43.518123] Could not load <commons.library_api.Argument object at 0x7f7812935160>
[info] [2021-01-20 18:35:43.607766] Avg Rank GLOVE 109.8
[info] [2021-01-20 18:35:43.607921] Avg Rank TFIDF 122.0
number of word types: 400000, number of word types w/ frequency >= 1: 400000
number of word types: 295, number of word types w/ frequency >= 1: 295
number of word types: 288, number of word types w/ frequency >= 1: 288
